<?xml version="1.0" encoding="UTF-8"?>
<testsuite name="CutTesting" tests="2" skipped="0" failures="0" errors="0" timestamp="2019-12-11T03:39:16" hostname="GamingPC" time="0.048">
  <properties/>
  <testcase name="testWidthCut" classname="CutTesting" time="0.009"/>
  <testcase name="testStitchCut" classname="CutTesting" time="0.005"/>
  <system-out><![CDATA[

==================
Testing width cut:

Cost matrix: 
 5,  7,  9,  4,  5, 
 7,  8,  5,  5,  6, 
 9,  5, 54, 51, 13, 
 8,  6,  6, 14, 14, 
56, 57, 31, 32, 15, 


< 15 -1 >
< 0 3 >
< 1 3 >
< 2 4 >
< 3 3 >
< 4 4 >
---------------------------
< 15 -1 >
< 0 3 >
< 1 3 >
< 2 4 >
< 3 3 >
< 4 4 >


===================
Testing stitch cut:

Cost matrix: 
 5,  7,  9,  4,  5, 
 7,  8,  8,  5,  6, 
 9,  7, 56, 51, 13, 
12,  8,  8,  9, 10, 
62, 59, 33, 34, 10, 


< 10 -1 >
< 0 0 >
< 1 0 >
< 2 1 >
< 3 2 >
< 3 3 >
< 4 4 >
---------------------------
< 10 -1 >
< 0 0 >
< 1 0 >
< 2 1 >
< 3 2 >
< 3 3 >
< 4 4 >

]]></system-out>
  <system-err><![CDATA[]]></system-err>
</testsuite>
